NODE_4737_length_102706_cov_23.366152	83222	84892	0.0	710
NODE_4737_length_102706_cov_23.366152	82357	83184	0.0	222
NODE_4737_length_102706_cov_23.366152	82203	82355	2e-10	65.1
NODE_4737_length_102706_cov_23.366152	78939	78511	8e-07	53.1
NODE_4737_length_102706_cov_23.366152	79071	78487	0.002	42.0
NODE_4737_length_102706_cov_23.366152	79047	78850	0.007	40.0
NODE_4737_length_102706_cov_23.366152	82405	82935	2.5	32.0
NODE_4895_length_40473_cov_22.981396	1517	3223	1e-46	182
NODE_4895_length_40473_cov_22.981396	1499	2557	2e-34	143
NODE_4895_length_40473_cov_22.981396	1493	2569	3e-32	136
NODE_4895_length_40473_cov_22.981396	1481	1999	3e-17	87.0
NODE_1245_length_24116_cov_22.771894	537	1934	6e-45	176
NODE_1245_length_24116_cov_22.771894	525	2102	2e-44	175
NODE_1245_length_24116_cov_22.771894	480	1553	2e-36	149
NODE_1245_length_24116_cov_22.771894	1041	2165	3e-23	107
NODE_5872_length_83868_cov_23.431715	83895	82315	2e-44	174
NODE_5872_length_83868_cov_23.431715	83856	82906	1e-35	147
NODE_7282_length_2037_cov_21.252333	1658	423	9e-44	169
NODE_7282_length_2037_cov_21.252333	1643	513	1e-39	156
NODE_7282_length_2037_cov_21.252333	1610	471	2e-38	153
NODE_7282_length_2037_cov_21.252333	1649	720	4e-36	146
NODE_7282_length_2037_cov_21.252333	1661	1143	3e-16	83.2
NODE_5601_length_121690_cov_23.261879	120265	118640	4e-43	171
NODE_5601_length_121690_cov_23.261879	120400	119204	1e-38	156
NODE_5601_length_121690_cov_23.261879	120418	119312	7e-36	148
NODE_3503_length_59155_cov_23.306669	59075	57525	9e-42	166
NODE_3503_length_59155_cov_23.306669	58883	57414	3e-38	155
NODE_3503_length_59155_cov_23.306669	59009	57435	1e-36	150
NODE_7588_length_81049_cov_22.954052	81072	79759	1e-41	166
NODE_7588_length_81049_cov_22.954052	80979	79843	2e-37	153
NODE_7588_length_81049_cov_22.954052	81150	80227	3e-35	145
NODE_7588_length_81049_cov_22.954052	80958	79762	2e-20	97.8
NODE_7588_length_81049_cov_22.954052	37967	38314	0.032	38.1
NODE_7588_length_81049_cov_22.954052	39380	39658	0.12	36.2
NODE_7588_length_81049_cov_22.954052	39224	39556	1.7	32.3
NODE_6632_length_70582_cov_23.291618	973	2370	1e-41	166
NODE_6632_length_70582_cov_23.291618	1762	3411	8e-40	160
NODE_6632_length_70582_cov_23.291618	1525	3159	4e-38	155
NODE_6632_length_70582_cov_23.291618	1891	3621	2e-37	153
NODE_6632_length_70582_cov_23.291618	964	1911	5e-35	145
NODE_6632_length_70582_cov_23.291618	25426	25286	7.8	30.0
NODE_7528_length_3263_cov_19.859945	1163	2398	6e-41	162
NODE_7528_length_3263_cov_19.859945	1178	2314	1e-38	155
NODE_7528_length_3263_cov_19.859945	1172	1930	4e-36	147
NODE_7528_length_3263_cov_19.859945	1160	1678	2e-17	87.0
NODE_5269_length_26860_cov_23.638086	26451	25345	1e-38	157
NODE_5269_length_26860_cov_23.638086	26445	25561	8e-36	147
NODE_92_length_129130_cov_23.560490	980	2089	1e-38	156
NODE_92_length_129130_cov_23.560490	905	2095	2e-37	153
NODE_92_length_129130_cov_23.560490	1001	2068	5e-36	148
NODE_92_length_129130_cov_23.560490	962	1972	3e-34	142
NODE_6255_length_2780_cov_19.806475	753	4	9e-37	149
NODE_6255_length_2780_cov_19.806475	771	28	2e-34	141
NODE_6255_length_2780_cov_19.806475	747	25	1e-28	123
NODE_6255_length_2780_cov_19.806475	759	7	2e-16	84.0
NODE_6255_length_2780_cov_19.806475	765	247	1e-14	78.2
NODE_6255_length_2780_cov_19.806475	711	1	6e-12	69.7
NODE_5757_length_17209_cov_23.292637	16309	15185	2e-36	149
NODE_5757_length_17209_cov_23.292637	16321	15437	3e-35	145
NODE_5757_length_17209_cov_23.292637	16189	15095	5e-34	141
NODE_5757_length_17209_cov_23.292637	15790	15221	5e-07	53.5
NODE_8462_length_38127_cov_22.323156	37304	36276	4e-36	149
NODE_8462_length_38127_cov_22.323156	37292	36024	2e-35	146
NODE_8462_length_38127_cov_22.323156	37325	35934	5e-35	145
NODE_8316_length_4728_cov_17.666245	2621	3502	6e-36	147
NODE_8316_length_4728_cov_17.666245	2612	3496	2e-35	145
NODE_8316_length_4728_cov_17.666245	2603	3544	2e-25	104
NODE_8316_length_4728_cov_17.666245	3636	3743	2e-25	31.2
NODE_8316_length_4728_cov_17.666245	2600	3118	3e-16	83.6
NODE_8316_length_4728_cov_17.666245	3618	4199	1e-12	72.0
NODE_8316_length_4728_cov_17.666245	3900	4199	2e-06	51.2
NODE_8316_length_4728_cov_17.666245	3903	4196	2e-05	48.5
NODE_8316_length_4728_cov_17.666245	3493	3630	0.001	42.4
NODE_8316_length_4728_cov_17.666245	3493	3621	0.025	38.1
NODE_8316_length_4728_cov_17.666245	3508	3624	0.030	38.1
NODE_7141_length_5108_cov_21.398199	1665	2447	4e-35	145
NODE_7141_length_5108_cov_21.398199	1677	2504	5e-35	108
NODE_7141_length_5108_cov_21.398199	2518	3006	5e-35	59.3
NODE_7141_length_5108_cov_21.398199	2533	3294	2e-32	136
NODE_7141_length_5108_cov_21.398199	1701	2498	2e-31	133
NODE_7141_length_5108_cov_21.398199	1707	2315	8e-23	105
NODE_7141_length_5108_cov_21.398199	2527	3078	3e-17	87.0
NODE_6890_length_69092_cov_22.910555	1513	2520	2e-34	143
NODE_6890_length_69092_cov_22.910555	1675	2607	1e-20	98.2
NODE_6890_length_69092_cov_22.910555	1534	2517	7e-19	92.8
NODE_6890_length_69092_cov_22.910555	1483	2031	7e-16	82.8
NODE_6890_length_69092_cov_22.910555	27221	26940	3e-04	44.7
NODE_6890_length_69092_cov_22.910555	27212	26988	0.005	40.4
NODE_7937_length_94846_cov_23.220810	93610	94839	1e-33	140
NODE_7937_length_94846_cov_23.220810	93949	94854	3e-32	136
NODE_7937_length_94846_cov_23.220810	93451	94548	3e-27	120
NODE_7937_length_94846_cov_23.220810	93445	94296	2e-26	117
NODE_7937_length_94846_cov_23.220810	93433	93918	3e-10	64.3
NODE_4068_length_4513_cov_17.553734	2411	3262	2e-33	139
NODE_4068_length_4513_cov_17.553734	2468	3796	5e-33	138
NODE_4068_length_4513_cov_17.553734	2561	3796	6e-32	134
NODE_4068_length_4513_cov_17.553734	3978	4619	6e-29	125
NODE_4068_length_4513_cov_17.553734	3996	4592	2e-18	90.5
NODE_7825_length_205444_cov_23.233484	113537	112557	9e-33	137
NODE_7825_length_205444_cov_23.233484	113726	112830	2e-29	126
NODE_7825_length_205444_cov_23.233484	112675	112187	6e-20	96.3
NODE_7825_length_205444_cov_23.233484	112681	112184	1e-16	85.5
NODE_7825_length_205444_cov_23.233484	112708	112175	5e-15	80.1
NODE_7825_length_205444_cov_23.233484	203603	203478	1.4	32.7
NODE_7825_length_205444_cov_23.233484	203603	203520	8.1	30.0
NODE_3380_length_52926_cov_22.871235	2150	2920	3e-31	132
NODE_3380_length_52926_cov_22.871235	2138	2623	4e-09	60.8
NODE_8412_length_449_cov_20.951002	3	554	5e-30	119
NODE_8412_length_449_cov_20.951002	6	554	3e-18	85.1
NODE_1078_length_12437_cov_23.301842	12541	11708	1e-29	127
NODE_1078_length_12437_cov_23.301842	12430	11759	2e-18	91.3
NODE_734_length_482_cov_23.786306	3	560	8e-29	116
NODE_734_length_482_cov_23.786306	48	563	5e-27	111
NODE_734_length_482_cov_23.786306	6	584	2e-24	103
NODE_734_length_482_cov_23.786306	93	587	2e-14	73.9
NODE_734_length_482_cov_23.786306	3	356	0.11	35.0
NODE_8072_length_1218_cov_19.543514	545	1159	1e-28	120
NODE_8072_length_1218_cov_19.543514	527	1207	3e-23	103
NODE_8072_length_1218_cov_19.543514	533	1081	5e-16	81.6
NODE_8072_length_1218_cov_19.543514	677	1192	8e-16	74.3
NODE_8072_length_1218_cov_19.543514	1242	1313	8e-16	29.3
NODE_8072_length_1218_cov_19.543514	1230	1322	4.2	30.8
NODE_8072_length_1218_cov_19.543514	1254	1322	5.1	30.4
NODE_3955_length_8328_cov_23.995438	8311	7448	4e-28	122
NODE_3955_length_8328_cov_23.995438	8434	8018	4e-12	70.1
NODE_297_length_373_cov_25.233244	479	6	1e-23	100
NODE_297_length_373_cov_25.233244	419	60	6e-16	77.8
NODE_297_length_373_cov_25.233244	461	3	2e-14	72.8
NODE_297_length_373_cov_25.233244	434	3	7e-11	62.4
NODE_297_length_373_cov_25.233244	479	63	2e-04	42.4
NODE_297_length_373_cov_25.233244	404	99	6e-04	41.2
NODE_6161_length_842_cov_18.214964	382	717	4e-23	70.5
NODE_6161_length_842_cov_18.214964	95	316	4e-23	57.8
NODE_6161_length_842_cov_18.214964	355	684	8e-16	79.3
NODE_6161_length_842_cov_18.214964	2	316	1e-15	70.9
NODE_6161_length_842_cov_18.214964	355	558	1e-15	32.0
NODE_6161_length_842_cov_18.214964	14	316	1e-10	63.9
NODE_6161_length_842_cov_18.214964	463	684	7e-09	58.2
NODE_6161_length_842_cov_18.214964	355	597	3e-08	56.2
NODE_6161_length_842_cov_18.214964	2	316	5e-08	55.5
NODE_6161_length_842_cov_18.214964	221	328	0.002	41.6
NODE_6161_length_842_cov_18.214964	589	696	0.050	36.6
NODE_5024_length_66947_cov_23.034878	313	909	4e-23	106
NODE_5024_length_66947_cov_23.034878	307	819	1e-18	92.0
NODE_5024_length_66947_cov_23.034878	319	906	3e-14	77.4
NODE_5024_length_66947_cov_23.034878	301	567	6e-05	47.0
NODE_2326_length_1061_cov_22.918945	956	489	4e-23	94.4
NODE_2326_length_1061_cov_22.918945	487	272	4e-23	33.5
NODE_2326_length_1061_cov_22.918945	935	564	5e-19	90.1
NODE_2326_length_1061_cov_22.918945	962	504	4e-18	87.0
NODE_2326_length_1061_cov_22.918945	968	576	3e-15	78.6
NODE_2326_length_1061_cov_22.918945	938	504	6e-15	77.8
NODE_2326_length_1061_cov_22.918945	490	8	1e-09	60.8
NODE_2326_length_1061_cov_22.918945	490	266	4e-09	59.3
NODE_2326_length_1061_cov_22.918945	535	119	6e-09	58.9
NODE_2326_length_1061_cov_22.918945	439	254	2e-04	44.3
NODE_931_length_112234_cov_23.512947	95202	94504	5e-21	99.8
NODE_931_length_112234_cov_23.512947	94944	94504	2e-10	65.5
NODE_931_length_112234_cov_23.512947	95364	95164	2e-05	48.1
NODE_931_length_112234_cov_23.512947	94842	94504	0.001	42.7
NODE_5634_length_179112_cov_23.304396	140175	139285	5e-21	99.8
NODE_5634_length_179112_cov_23.304396	140079	139363	7e-14	76.3
NODE_5634_length_179112_cov_23.304396	140154	139438	7e-13	73.2
NODE_5634_length_179112_cov_23.304396	140160	139930	0.010	39.7
NODE_5634_length_179112_cov_23.304396	80492	80716	0.012	39.3
NODE_5634_length_179112_cov_23.304396	80393	80818	0.32	34.7
NODE_3918_length_543_cov_20.788214	298	621	7e-21	93.6
NODE_3918_length_543_cov_20.788214	262	645	4e-16	79.3
NODE_3918_length_543_cov_20.788214	256	621	2e-12	67.8
NODE_3918_length_543_cov_20.788214	280	648	5e-07	51.2
NODE_6362_length_45061_cov_23.214243	43087	42524	1e-20	98.6
NODE_6362_length_45061_cov_23.214243	43057	42473	5e-20	96.7
NODE_6362_length_45061_cov_23.214243	43087	42689	4e-05	47.4
NODE_2979_length_721_cov_27.586685	398	826	1e-20	93.6
NODE_2979_length_721_cov_27.586685	416	778	4e-19	89.4
NODE_2979_length_721_cov_27.586685	392	811	5e-19	89.0
NODE_2979_length_721_cov_27.586685	380	772	8e-17	82.0
NODE_2979_length_721_cov_27.586685	398	826	2e-11	65.5
NODE_5010_length_5229_cov_20.546949	5331	4912	4e-17	86.7
NODE_5010_length_5229_cov_20.546949	5334	4825	1e-12	72.0
NODE_531_length_506_cov_21.865612	3	569	5e-17	81.6
NODE_531_length_506_cov_21.865612	309	602	3e-13	70.1
NODE_531_length_506_cov_21.865612	291	611	9e-10	59.3
NODE_3888_length_45420_cov_23.509159	45525	45076	1e-15	82.0
NODE_3888_length_45420_cov_23.509159	45525	45079	3e-11	67.8
NODE_10613_length_112_cov_50.267857	218	3	4e-15	73.2
NODE_10613_length_112_cov_50.267857	218	6	2e-08	53.5
NODE_10613_length_112_cov_50.267857	218	51	6e-04	40.4
NODE_10613_length_112_cov_50.267857	161	15	0.005	37.4
NODE_10613_length_112_cov_50.267857	200	6	1.2	30.0
NODE_7828_length_148588_cov_23.392265	36524	37135	6e-15	79.7
NODE_7828_length_148588_cov_23.392265	36347	37042	2e-11	60.8
NODE_7828_length_148588_cov_23.392265	36199	36288	2e-11	27.7
NODE_7828_length_148588_cov_23.392265	36323	37120	0.009	39.7
NODE_5362_length_30443_cov_23.736229	21268	21948	8e-15	79.3
NODE_5362_length_30443_cov_23.736229	21322	22182	3e-12	71.2
NODE_6686_length_234_cov_16.384615	2	295	9e-15	73.2
NODE_6686_length_234_cov_16.384615	2	340	4e-11	62.4
NODE_6686_length_234_cov_16.384615	38	331	2e-10	60.5
NODE_6686_length_234_cov_16.384615	164	340	4e-04	40.8
NODE_3045_length_149686_cov_23.261948	18085	17603	1e-14	75.1
NODE_3045_length_149686_cov_23.261948	18338	18132	1e-14	24.3
NODE_3045_length_149686_cov_23.261948	18570	18352	7e-08	56.6
NODE_3045_length_149686_cov_23.261948	18350	18132	3e-05	48.1
NODE_3045_length_149686_cov_23.261948	18374	18144	3e-05	47.8
NODE_3045_length_149686_cov_23.261948	18564	18421	6e-04	43.9
NODE_3045_length_149686_cov_23.261948	18585	18427	6e-04	39.3
NODE_3045_length_149686_cov_23.261948	18709	18647	6e-04	23.5
NODE_3045_length_149686_cov_23.261948	18085	17702	0.007	40.0
NODE_3045_length_149686_cov_23.261948	18579	18424	0.014	35.0
NODE_3045_length_149686_cov_23.261948	18715	18647	0.014	22.7
NODE_3045_length_149686_cov_23.261948	17977	17678	0.76	33.5
NODE_5329_length_140309_cov_23.508541	12746	13639	2e-13	75.1
NODE_5329_length_140309_cov_23.508541	12770	13666	0.008	40.0
NODE_3642_length_1041_cov_18.927954	1002	736	3e-13	72.4
NODE_3642_length_1041_cov_18.927954	1011	787	5e-09	59.3
NODE_3642_length_1041_cov_18.927954	1023	727	3e-08	56.6
NODE_3642_length_1041_cov_18.927954	1023	727	1e-07	54.7
NODE_3642_length_1041_cov_18.927954	1142	1023	0.039	37.0
NODE_3642_length_1041_cov_18.927954	1142	1029	0.075	36.2
NODE_3642_length_1041_cov_18.927954	1142	1032	0.091	35.8
NODE_6346_length_505047_cov_23.257771	267291	266773	4e-13	73.9
NODE_6346_length_505047_cov_23.257771	178766	177669	1e-11	69.3
NODE_6346_length_505047_cov_23.257771	294388	295110	4e-10	64.3
NODE_6346_length_505047_cov_23.257771	267576	266872	6e-10	63.5
NODE_6346_length_505047_cov_23.257771	178592	178062	2e-09	61.2
NODE_6346_length_505047_cov_23.257771	178517	177750	7e-08	56.6
NODE_6346_length_505047_cov_23.257771	294325	294882	6e-06	50.4
NODE_6346_length_505047_cov_23.257771	294415	295110	3e-05	48.1
NODE_6346_length_505047_cov_23.257771	179612	178914	6e-05	47.0
NODE_6346_length_505047_cov_23.257771	178286	177936	1e-04	46.2
NODE_6346_length_505047_cov_23.257771	267255	267034	0.056	37.4
NODE_6346_length_505047_cov_23.257771	177983	177645	0.52	33.9
NODE_6346_length_505047_cov_23.257771	294295	294576	0.56	33.9
NODE_410_length_351284_cov_23.252729	13309	14025	1e-12	72.4
NODE_410_length_351284_cov_23.252729	13093	13710	2e-12	71.2
NODE_410_length_351284_cov_23.252729	13201	13710	1e-10	65.9
NODE_410_length_351284_cov_23.252729	13090	13644	0.003	41.6
NODE_3636_length_1068_cov_19.404495	17	397	2e-12	69.7
NODE_3636_length_1068_cov_19.404495	2	370	1e-11	67.0
NODE_3636_length_1068_cov_19.404495	2	400	6e-10	62.0
NODE_3085_length_143212_cov_23.359495	2076	2594	6e-12	70.1
NODE_3085_length_143212_cov_23.359495	1896	2195	3e-04	44.7
NODE_3085_length_143212_cov_23.359495	1953	2591	0.18	35.4
NODE_5663_length_158618_cov_23.298542	37858	37001	6e-12	69.7
NODE_5663_length_158618_cov_23.298542	38041	37496	9e-09	59.7
NODE_5663_length_158618_cov_23.298542	37306	37001	8e-06	50.1
NODE_5663_length_158618_cov_23.298542	38026	37745	5e-04	43.9
NODE_5663_length_158618_cov_23.298542	37129	36983	4.7	30.8
NODE_299_length_731_cov_17.662107	267	1	1e-11	66.2
NODE_299_length_731_cov_17.662107	255	34	6e-10	60.8
NODE_299_length_731_cov_17.662107	198	1	3e-08	55.8
NODE_299_length_731_cov_17.662107	273	4	1e-05	48.1
NODE_299_length_731_cov_17.662107	273	124	0.020	37.7
NODE_566_length_42816_cov_23.157907	19168	18587	2e-11	68.6
NODE_566_length_42816_cov_23.157907	19084	18590	4e-09	60.5
NODE_566_length_42816_cov_23.157907	18922	18404	1e-08	59.3
NODE_566_length_42816_cov_23.157907	19300	18683	0.27	35.0
NODE_566_length_42816_cov_23.157907	18922	18338	0.29	34.7
NODE_4587_length_99931_cov_23.471165	90820	89912	4e-11	67.4
NODE_4587_length_99931_cov_23.471165	90556	89921	0.001	42.4
NODE_4587_length_99931_cov_23.471165	90586	89915	0.33	34.7
NODE_4587_length_99931_cov_23.471165	90337	89921	2.8	31.6
NODE_731_length_109_cov_28.880733	201	1	7e-11	60.8
NODE_731_length_109_cov_28.880733	210	1	9e-11	60.5
NODE_731_length_109_cov_28.880733	213	4	9e-07	48.9
NODE_731_length_109_cov_28.880733	168	4	0.003	38.1
NODE_731_length_109_cov_28.880733	213	1	1.1	30.0
NODE_2352_length_222738_cov_23.354080	83936	83445	7e-11	66.6
NODE_2352_length_222738_cov_23.354080	74815	74540	2e-08	58.5
NODE_2352_length_222738_cov_23.354080	83234	82905	5e-05	47.4
NODE_2352_length_222738_cov_23.354080	74899	74540	1e-04	46.2
NODE_2352_length_222738_cov_23.354080	83234	82950	6e-04	43.5
NODE_2352_length_222738_cov_23.354080	83153	82950	0.002	42.0
NODE_2352_length_222738_cov_23.354080	83615	83049	0.003	41.6
NODE_2352_length_222738_cov_23.354080	74372	74118	0.17	35.4
NODE_2352_length_222738_cov_23.354080	74441	74118	0.51	33.9
NODE_2352_length_222738_cov_23.354080	74366	74166	0.98	33.1
NODE_2352_length_222738_cov_23.354080	74626	74528	1.0	33.1
NODE_1904_length_146302_cov_23.411150	58045	57179	1e-10	65.9
NODE_1904_length_146302_cov_23.411150	70939	71142	0.001	42.7
NODE_6108_length_88056_cov_23.378532	24824	25438	2e-10	65.1
NODE_6108_length_88056_cov_23.378532	24830	25432	0.002	42.0
NODE_6108_length_88056_cov_23.378532	64298	63693	0.019	38.9
NODE_6108_length_88056_cov_23.378532	26129	26431	0.024	38.5
NODE_6108_length_88056_cov_23.378532	24722	25924	0.026	38.1
NODE_6108_length_88056_cov_23.378532	24692	25201	0.091	36.6
NODE_6108_length_88056_cov_23.378532	25793	26242	0.092	36.6
NODE_6108_length_88056_cov_23.378532	26569	26706	0.54	33.9
NODE_6108_length_88056_cov_23.378532	26548	26697	1.1	33.1
NODE_2555_length_100230_cov_23.082909	22122	22910	2e-10	65.1
NODE_2555_length_100230_cov_23.082909	21921	22631	7e-10	63.2
NODE_2555_length_100230_cov_23.082909	22194	22580	5e-07	53.9
NODE_2555_length_100230_cov_23.082909	22320	22556	0.87	33.1
NODE_7618_length_112_cov_51.883930	1	216	2e-10	59.3
NODE_7618_length_112_cov_51.883930	1	216	5e-09	55.5
NODE_7618_length_112_cov_51.883930	1	189	7e-09	55.1
NODE_7618_length_112_cov_51.883930	52	216	4e-04	40.8
NODE_7618_length_112_cov_51.883930	4	216	0.043	34.7
NODE_3789_length_28608_cov_23.582251	12398	13246	5e-10	63.5
NODE_3789_length_28608_cov_23.582251	12758	13501	2e-09	61.6
NODE_3663_length_110_cov_49.900002	211	2	6e-10	58.2
NODE_3663_length_110_cov_49.900002	202	2	3e-08	53.1
NODE_3663_length_110_cov_49.900002	214	5	1e-07	51.6
NODE_3663_length_110_cov_49.900002	169	5	5e-04	40.4
NODE_3663_length_110_cov_49.900002	214	2	2.0	29.3
NODE_5938_length_423925_cov_23.362841	11404	10826	2e-09	61.2
NODE_5938_length_423925_cov_23.362841	14152	14445	6e-06	50.1
NODE_5938_length_423925_cov_23.362841	14510	14884	3e-04	44.7
NODE_5938_length_423925_cov_23.362841	14176	14436	3e-04	44.7
NODE_5938_length_423925_cov_23.362841	14913	15173	0.18	35.4
NODE_5938_length_423925_cov_23.362841	14741	14851	0.42	34.3
NODE_482_length_72947_cov_23.226959	41330	42016	3e-09	61.2
NODE_482_length_72947_cov_23.226959	41243	41944	6e-09	60.1
NODE_482_length_72947_cov_23.226959	41678	42193	9e-05	46.2
NODE_482_length_72947_cov_23.226959	41690	42175	0.001	42.7
NODE_5844_length_125_cov_37.023998	231	43	4e-09	55.8
NODE_5844_length_125_cov_37.023998	231	7	9e-08	51.6
NODE_5844_length_125_cov_37.023998	219	43	9e-06	45.8
NODE_5844_length_125_cov_37.023998	138	31	4e-04	40.8
NODE_5844_length_125_cov_37.023998	231	43	0.96	30.4
NODE_5324_length_602_cov_23.122923	8	202	5e-09	57.4
NODE_5324_length_602_cov_23.122923	32	280	3e-06	49.7
NODE_5324_length_602_cov_23.122923	14	250	0.001	41.6
NODE_5324_length_602_cov_23.122923	5	307	0.006	39.3
NODE_2415_length_108_cov_33.481480	4	180	2e-08	53.5
NODE_2415_length_108_cov_33.481480	1	180	4e-08	52.8
NODE_2415_length_108_cov_33.481480	10	180	2e-05	44.7
NODE_2415_length_108_cov_33.481480	85	192	2e-04	41.6
NODE_1979_length_52714_cov_23.427078	44167	43610	3e-08	58.2
NODE_5880_length_238447_cov_23.396328	87743	87087	3e-08	57.8
NODE_5880_length_238447_cov_23.396328	87833	87186	7e-08	56.6
NODE_5880_length_238447_cov_23.396328	87761	87405	2e-05	48.5
NODE_5880_length_238447_cov_23.396328	87392	87168	0.001	42.4
NODE_5880_length_238447_cov_23.396328	87317	87174	0.002	42.4
NODE_3443_length_28962_cov_22.248499	252	34	4e-08	57.4
NODE_3443_length_28962_cov_22.248499	276	1	4e-07	53.9
NODE_3443_length_28962_cov_22.248499	231	1	4e-05	47.4
NODE_3443_length_28962_cov_22.248499	273	4	0.001	42.7
NODE_3443_length_28962_cov_22.248499	273	1	0.020	38.5
NODE_8437_length_309057_cov_23.259010	252164	252823	1e-07	55.8
NODE_8437_length_309057_cov_23.259010	251903	252283	1.5	32.3
NODE_8437_length_309057_cov_23.259010	168925	169047	3.7	31.2
NODE_1079_length_227018_cov_23.469685	24834	25310	2e-07	55.5
NODE_1079_length_227018_cov_23.469685	24885	25391	3e-05	47.8
NODE_1079_length_227018_cov_23.469685	25218	25682	0.002	41.6
NODE_1079_length_227018_cov_23.469685	25572	25703	0.065	37.0
NODE_1079_length_227018_cov_23.469685	25320	25421	3.9	31.2
NODE_5261_length_144107_cov_23.265505	49808	50185	2e-07	55.1
NODE_5261_length_144107_cov_23.265505	144096	144203	1e-04	45.8
NODE_5261_length_144107_cov_23.265505	49811	50032	2e-04	45.4
NODE_5261_length_144107_cov_23.265505	144108	144212	0.011	39.7
NODE_5261_length_144107_cov_23.265505	49832	50596	0.36	34.7
NODE_5261_length_144107_cov_23.265505	129537	129283	1.9	32.0
NODE_5261_length_144107_cov_23.265505	144117	144203	2.1	32.0
NODE_5261_length_144107_cov_23.265505	144114	144203	3.2	31.6
NODE_4595_length_198242_cov_23.303200	148586	148008	2e-07	55.1
NODE_4595_length_198242_cov_23.303200	196642	196325	3e-06	51.2
NODE_4595_length_198242_cov_23.303200	145271	145822	7e-05	46.6
NODE_4595_length_198242_cov_23.303200	145271	146032	4e-04	44.3
NODE_4595_length_198242_cov_23.303200	196654	196289	0.001	43.1
NODE_4595_length_198242_cov_23.303200	196792	196214	0.002	41.6
NODE_4595_length_198242_cov_23.303200	196807	196325	0.008	40.0
NODE_4595_length_198242_cov_23.303200	145463	145810	0.020	38.5
NODE_4595_length_198242_cov_23.303200	148421	148119	2.5	31.6
NODE_3023_length_108_cov_21.814816	210	1	3e-07	50.4
NODE_3023_length_108_cov_21.814816	213	34	3e-07	50.4
NODE_3023_length_108_cov_21.814816	201	1	4e-05	43.5
NODE_3023_length_108_cov_21.814816	168	4	2e-04	42.0
NODE_1339_length_46527_cov_23.381779	12898	13476	3e-07	54.3
NODE_1339_length_46527_cov_23.381779	12943	13182	0.021	38.5
NODE_1339_length_46527_cov_23.381779	13252	14115	0.035	37.7
NODE_2884_length_75001_cov_23.651112	61771	61214	4e-07	54.3
NODE_2884_length_75001_cov_23.651112	62002	61325	3e-06	51.2
NODE_2884_length_75001_cov_23.651112	62038	61757	0.82	33.5
NODE_132_length_33577_cov_23.472347	4790	4329	5e-07	53.9
NODE_132_length_33577_cov_23.472347	4940	4284	0.003	41.6
NODE_2437_length_186316_cov_23.354935	141305	141874	9e-06	49.7
NODE_4898_length_144412_cov_23.416599	120228	119923	2e-05	48.5
NODE_4898_length_144412_cov_23.416599	120222	119926	1e-04	46.2
NODE_4898_length_144412_cov_23.416599	120228	120013	0.016	38.9
NODE_4898_length_144412_cov_23.416599	120228	120019	0.027	38.1
NODE_3_length_58548_cov_23.501999	46618	46052	6e-05	47.0
NODE_3_length_58548_cov_23.501999	46282	46100	0.71	33.5
NODE_3116_length_16930_cov_23.536148	684	1148	7e-05	46.6
NODE_3116_length_16930_cov_23.536148	1410	1598	0.003	41.2
NODE_382_length_19356_cov_23.237497	8542	8769	1e-04	46.2
NODE_382_length_19356_cov_23.237497	8239	8748	1e-04	46.2
NODE_382_length_19356_cov_23.237497	7924	8397	0.001	42.7
NODE_382_length_19356_cov_23.237497	7897	8148	0.015	38.9
NODE_382_length_19356_cov_23.237497	8575	8748	1.3	32.7
NODE_2914_length_22613_cov_23.136692	9394	9897	1e-04	45.8
NODE_2914_length_22613_cov_23.136692	9157	9885	8e-04	43.1
NODE_8332_length_115503_cov_23.471607	36061	35681	2e-04	42.4
NODE_8332_length_115503_cov_23.471607	36251	36159	2e-04	22.3
NODE_8332_length_115503_cov_23.471607	36257	36159	6.3	30.4
NODE_5933_length_282217_cov_23.109537	112032	111691	2e-04	45.4
NODE_5933_length_282217_cov_23.109537	112101	111736	2e-04	45.4
NODE_5933_length_282217_cov_23.109537	112095	111886	2.0	32.0
NODE_5933_length_282217_cov_23.109537	112095	111724	2.6	31.6
NODE_5822_length_265_cov_48.818867	17	232	4e-04	41.2
NODE_5822_length_265_cov_48.818867	23	130	0.005	37.7
NODE_7862_length_1505_cov_19.831230	1506	1610	4e-04	43.9
NODE_7862_length_1505_cov_19.831230	1518	1610	0.13	35.8
NODE_7862_length_1505_cov_19.831230	1395	1610	0.23	34.7
NODE_1584_length_93788_cov_23.470881	85751	86245	5e-04	43.9
NODE_4455_length_71884_cov_23.332355	67584	68078	7e-04	43.5
NODE_4455_length_71884_cov_23.332355	67926	68189	0.007	40.0
NODE_4455_length_71884_cov_23.332355	61691	62143	0.011	39.7
NODE_4455_length_71884_cov_23.332355	67347	67841	0.15	35.8
NODE_783_length_17370_cov_23.441221	12051	11659	7e-04	43.5
NODE_783_length_17370_cov_23.441221	12090	11653	0.17	35.4
NODE_2980_length_168846_cov_23.418997	105181	104588	0.001	42.7
NODE_2980_length_168846_cov_23.418997	105208	104969	0.095	36.6
NODE_2980_length_168846_cov_23.418997	104449	104234	0.16	35.8
NODE_2980_length_168846_cov_23.418997	105181	104897	0.36	34.7
NODE_818_length_112882_cov_23.526514	37377	37153	0.002	42.4
NODE_818_length_112882_cov_23.526514	37674	37183	0.009	39.7
NODE_818_length_112882_cov_23.526514	37680	37141	0.084	36.6
NODE_20_length_117007_cov_23.652927	106145	106732	0.002	42.0
NODE_20_length_117007_cov_23.652927	104546	104785	0.19	35.4
NODE_6577_length_72812_cov_23.092607	56216	56464	0.002	42.0
NODE_6577_length_72812_cov_23.092607	56117	56461	1.3	32.7
NODE_6577_length_72812_cov_23.092607	56261	56464	2.8	31.6
NODE_6406_length_54731_cov_23.345781	22029	22439	0.002	34.3
NODE_6406_length_54731_cov_23.345781	21634	21975	0.002	26.2
NODE_6406_length_54731_cov_23.345781	22556	22711	0.088	36.6
NODE_6406_length_54731_cov_23.345781	21760	21972	0.92	33.1
NODE_8284_length_148638_cov_23.273550	20652	20386	0.004	41.2
NODE_8284_length_148638_cov_23.273550	20640	20332	1.9	32.0
NODE_8284_length_148638_cov_23.273550	28899	29057	3.7	31.2
NODE_8284_length_148638_cov_23.273550	20640	20521	6.3	30.4
NODE_8284_length_148638_cov_23.273550	115999	116511	7.4	30.0
NODE_2662_length_732171_cov_23.324108	455589	455290	0.004	41.2
NODE_2662_length_732171_cov_23.324108	455547	455152	0.36	34.7
NODE_8028_length_83380_cov_23.220688	24919	25158	0.005	40.8
NODE_8028_length_83380_cov_23.220688	24455	24646	0.84	33.5
NODE_5621_length_279339_cov_23.337927	87227	86517	0.006	40.4
NODE_5621_length_279339_cov_23.337927	87101	86808	0.044	37.7
NODE_5621_length_279339_cov_23.337927	204885	204619	0.18	35.4
NODE_949_length_76936_cov_23.201817	60906	60349	0.011	39.7
NODE_45_length_100045_cov_23.272087	47626	48123	0.017	38.9
NODE_45_length_100045_cov_23.272087	47869	48123	0.14	35.8
NODE_8444_length_230_cov_24.313044	102	254	0.047	34.7
NODE_2102_length_230_cov_49.830433	102	254	0.047	34.7
NODE_3399_length_190774_cov_23.231499	69244	69399	0.049	37.4
NODE_3399_length_190774_cov_23.231499	69220	69480	0.39	34.3
NODE_131_length_113382_cov_23.098967	67786	67175	0.067	37.0
NODE_2207_length_63613_cov_23.162184	32473	32240	0.100	36.2
NODE_5768_length_258695_cov_23.416061	81288	81040	0.11	36.2
NODE_5768_length_258695_cov_23.416061	81538	81458	0.26	35.0
NODE_5301_length_22630_cov_23.004641	15461	15700	0.33	34.7
NODE_2868_length_273955_cov_23.399244	87479	87240	0.51	33.9
NODE_6214_length_66269_cov_23.179451	1986	2099	1.8	32.3
NODE_6214_length_66269_cov_23.179451	1986	2057	5.5	30.8
NODE_2324_length_11552_cov_23.036444	11569	11658	1.9	32.0
NODE_2324_length_11552_cov_23.036444	11575	11658	4.0	31.2
NODE_3463_length_104190_cov_23.275074	1071	1184	1.9	32.0
NODE_3463_length_104190_cov_23.275074	1071	1154	4.8	30.8
NODE_9991_length_39635_cov_23.108288	39556	39741	2.0	32.0
NODE_9991_length_39635_cov_23.108288	39658	39741	4.3	30.8
NODE_7345_length_218247_cov_23.500423	109100	109282	2.9	31.6
NODE_6233_length_166945_cov_23.506071	158649	158945	4.4	30.8
NODE_6233_length_166945_cov_23.506071	158387	158473	5.8	30.4
NODE_6233_length_166945_cov_23.506071	158405	158482	7.1	30.4
NODE_242_length_70275_cov_23.681879	57914	57474	4.5	30.8
